<?xml version="1.0" encoding="UTF-8"?>
<!-- Generated by org.testng.reporters.JUnitReportReporter -->
<testsuite hostname="Art-Samir" failures="0" tests="1" name="al.testngtest" time="42.204" errors="0" timestamp="2024-05-21T15:30:53 IST" skipped="0">
  <testcase classname="al.testngtest" name="chrometest" time="42.204"/>
</testsuite> <!-- al.testngtest -->
